<?xml version="1.0" encoding="UTF-8"?>
<!-- Generated by org.testng.reporters.JUnitXMLReporter -->
<testsuite ignored="0" hostname="Nicholass-MacBook-Air.local" failures="1" tests="2" name="Command line test" time="56.841" errors="0" timestamp="2021-02-09T10:36:18 PST">
  <testcase classname="patientPopTests.ComparePracticeTest" name="formEntryTest" time="19.038"/>
  <testcase classname="patientPopTests.ComparePracticeTest" name="formEntryTest" time="18.073">
    <failure type="java.lang.AssertionError" message="expected [55] but found [60]">
      <![CDATA[java.lang.AssertionError: expected [55] but found [60]
at patientPopTests.ComparePracticeTest.formEntryTest(ComparePracticeTest.java:70)
at java.base/java.util.ArrayList.forEach(ArrayList.java:1511)
... Removed 42 stack frames]]>
    </failure>
  </testcase> <!-- formEntryTest -->
</testsuite> <!-- Command line test -->
