<?xml version="1.0" encoding="UTF-8"?>
<!-- Generated by org.testng.reporters.JUnitXMLReporter -->
<testsuite ignored="0" hostname="Nicholass-MacBook-Air.local" failures="1" tests="2" name="Test" time="71.798" errors="0" timestamp="2021-02-09T10:15:21 PST">
  <testcase classname="patientPopTests.ComparePracticeTest" name="formEntryTest" time="25.547"/>
  <testcase classname="patientPopTests.ComparePracticeTest" name="formEntryTest" time="18.085">
    <failure type="java.lang.AssertionError" message="expected [55] but found [60]">
      <![CDATA[java.lang.AssertionError: expected [55] but found [60]
at patientPopTests.ComparePracticeTest.formEntryTest(ComparePracticeTest.java:70)
at java.base/java.util.ArrayList.forEach(ArrayList.java:1511)
... Removed 33 stack frames]]>
    </failure>
  </testcase> <!-- formEntryTest -->
</testsuite> <!-- Test -->
