<?xml version="1.0" encoding="UTF-8"?>
<testng-results ignored="0" total="2" passed="1" failed="1" skipped="0">
  <reporter-output>
  </reporter-output>
  <suite started-at="2021-02-09T10:14:10 PST" name="Suite" finished-at="2021-02-09T10:15:21 PST" duration-ms="71798">
    <groups>
    </groups>
    <test started-at="2021-02-09T10:14:10 PST" name="Test" finished-at="2021-02-09T10:15:21 PST" duration-ms="71798">
      <class name="patientPopTests.ComparePracticeTest">
        <test-method is-config="true" signature="initialize()[pri:0, instance:patientPopTests.ComparePracticeTest@436a4e4b]" started-at="2021-02-09T10:14:10 PST" name="initialize" finished-at="2021-02-09T10:14:24 PST" duration-ms="14844" status="PASS">
          <reporter-output>
          </reporter-output>
        </test-method> <!-- initialize -->
        <test-method signature="formEntryTest(java.lang.String, java.lang.String, java.lang.String)[pri:0, instance:patientPopTests.ComparePracticeTest@436a4e4b]" started-at="2021-02-09T10:14:24 PST" name="formEntryTest" data-provider="getData" finished-at="2021-02-09T10:14:50 PST" duration-ms="25547" status="PASS">
          <params>
            <param index="0">
              <value>
                <![CDATA[Amersi]]>
              </value>
            </param>
            <param index="1">
              <value>
                <![CDATA[Santa Monica Boulevard]]>
              </value>
            </param>
            <param index="2">
              <value>
                <![CDATA[Obstetrician and Gynecologist (OBGYN)]]>
              </value>
            </param>
          </params>
          <reporter-output>
          </reporter-output>
        </test-method> <!-- formEntryTest -->
        <test-method is-config="true" signature="tearDown()[pri:0, instance:patientPopTests.ComparePracticeTest@436a4e4b]" started-at="2021-02-09T10:14:50 PST" name="tearDown" finished-at="2021-02-09T10:14:51 PST" duration-ms="563" status="PASS">
          <reporter-output>
          </reporter-output>
        </test-method> <!-- tearDown -->
        <test-method is-config="true" signature="initialize()[pri:0, instance:patientPopTests.ComparePracticeTest@436a4e4b]" started-at="2021-02-09T10:14:51 PST" name="initialize" finished-at="2021-02-09T10:15:03 PST" duration-ms="12170" status="PASS">
          <reporter-output>
          </reporter-output>
        </test-method> <!-- initialize -->
        <test-method signature="formEntryTest(java.lang.String, java.lang.String, java.lang.String)[pri:0, instance:patientPopTests.ComparePracticeTest@436a4e4b]" started-at="2021-02-09T10:15:03 PST" name="formEntryTest" data-provider="getData" finished-at="2021-02-09T10:15:21 PST" duration-ms="18085" status="FAIL">
          <params>
            <param index="0">
              <value>
                <![CDATA[Prakash Neal]]>
              </value>
            </param>
            <param index="1">
              <value>
                <![CDATA[East Duarte Road]]>
              </value>
            </param>
            <param index="2">
              <value>
                <![CDATA[Neurologist]]>
              </value>
            </param>
          </params>
          <exception class="java.lang.AssertionError">
            <message>
              <![CDATA[expected [55] but found [60]]]>
            </message>
            <full-stacktrace>
              <![CDATA[java.lang.AssertionError: expected [55] but found [60]
at org.testng.Assert.fail(Assert.java:99)
at org.testng.Assert.failNotEquals(Assert.java:1037)
at org.testng.Assert.assertEqualsImpl(Assert.java:140)
at org.testng.Assert.assertEquals(Assert.java:122)
at org.testng.Assert.assertEquals(Assert.java:907)
at org.testng.Assert.assertEquals(Assert.java:917)
at patientPopTests.ComparePracticeTest.formEntryTest(ComparePracticeTest.java:70)
at java.base/jdk.internal.reflect.NativeMethodAccessorImpl.invoke0(Native Method)
at java.base/jdk.internal.reflect.NativeMethodAccessorImpl.invoke(NativeMethodAccessorImpl.java:62)
at java.base/jdk.internal.reflect.DelegatingMethodAccessorImpl.invoke(DelegatingMethodAccessorImpl.java:43)
at java.base/java.lang.reflect.Method.invoke(Method.java:564)
at org.testng.internal.MethodInvocationHelper.invokeMethod(MethodInvocationHelper.java:132)
at org.testng.internal.TestInvoker.invokeMethod(TestInvoker.java:599)
at org.testng.internal.TestInvoker.invokeTestMethod(TestInvoker.java:174)
at org.testng.internal.MethodRunner.runInSequence(MethodRunner.java:46)
at org.testng.internal.TestInvoker$MethodInvocationAgent.invoke(TestInvoker.java:822)
at org.testng.internal.TestInvoker.invokeTestMethods(TestInvoker.java:147)
at org.testng.internal.TestMethodWorker.invokeTestMethods(TestMethodWorker.java:146)
at org.testng.internal.TestMethodWorker.run(TestMethodWorker.java:128)
at java.base/java.util.ArrayList.forEach(ArrayList.java:1511)
at org.testng.TestRunner.privateRun(TestRunner.java:764)
at org.testng.TestRunner.run(TestRunner.java:585)
at org.testng.SuiteRunner.runTest(SuiteRunner.java:384)
at org.testng.SuiteRunner.runSequentially(SuiteRunner.java:378)
at org.testng.SuiteRunner.privateRun(SuiteRunner.java:337)
at org.testng.SuiteRunner.run(SuiteRunner.java:286)
at org.testng.SuiteRunnerWorker.runSuite(SuiteRunnerWorker.java:53)
at org.testng.SuiteRunnerWorker.run(SuiteRunnerWorker.java:96)
at org.testng.TestNG.runSuitesSequentially(TestNG.java:1218)
at org.testng.TestNG.runSuitesLocally(TestNG.java:1140)
at org.testng.TestNG.runSuites(TestNG.java:1069)
at org.testng.TestNG.run(TestNG.java:1037)
at org.testng.remote.AbstractRemoteTestNG.run(AbstractRemoteTestNG.java:115)
at org.testng.remote.RemoteTestNG.initAndRun(RemoteTestNG.java:251)
at org.testng.remote.RemoteTestNG.main(RemoteTestNG.java:77)
]]>
            </full-stacktrace>
          </exception> <!-- java.lang.AssertionError -->
          <reporter-output>
          </reporter-output>
        </test-method> <!-- formEntryTest -->
        <test-method is-config="true" signature="tearDown()[pri:0, instance:patientPopTests.ComparePracticeTest@436a4e4b]" started-at="2021-02-09T10:15:21 PST" name="tearDown" finished-at="2021-02-09T10:15:21 PST" duration-ms="544" status="PASS">
          <reporter-output>
          </reporter-output>
        </test-method> <!-- tearDown -->
      </class> <!-- patientPopTests.ComparePracticeTest -->
    </test> <!-- Test -->
  </suite> <!-- Suite -->
</testng-results>
